<?xml version="1.0" encoding="UTF-8"?>
<!-- Generated by org.testng.reporters.JUnitXMLReporter -->
<testsuite ignored="0" hostname="WRN-SAHNED2" failures="1" tests="2" name="LoginTests" time="42.036" errors="0" timestamp="2022-02-28T14:11:56 EST">
  <testcase classname="Tests.ValidUserLoginTests" name="UserLoginTest" time="35.01">
    <failure type="org.openqa.selenium.InvalidSelectorException" message="invalid selector: Unable to locate an element with the xpath expression //div[@data-k-options=&amp;quot;vm.optionsCash&amp;quot;]//*[name()=&amp;quot;svg&amp;quot;][1]/*[name()=&amp;quot;text&amp;quot;][1]xxxxxxxxxxxxxxxx because of the following error:
SyntaxError: Failed to execute &amp;apos;evaluate&amp;apos; on &amp;apos;Document&amp;apos;: The string &amp;apos;//div[@data-k-options=&amp;quot;vm.optionsCash&amp;quot;]//*[name()=&amp;quot;svg&amp;quot;][1]/*[name()=&amp;quot;text&amp;quot;][1]xxxxxxxxxxxxxxxx&amp;apos; is not a valid XPath expression.
  (Session info: chrome=98.0.4758.102)
For documentation on this error, please visit: https://www.seleniumhq.org/exceptions/invalid_selector_exception.html
Build info: version: &amp;apos;3.141.59&amp;apos;, revision: &amp;apos;e82be7d358&amp;apos;, time: &amp;apos;2018-11-14T08:17:03&amp;apos;
System info: host: &amp;apos;WRN-SAHNED2&amp;apos;, ip: &amp;apos;10.96.118.18&amp;apos;, os.name: &amp;apos;Windows 10&amp;apos;, os.arch: &amp;apos;amd64&amp;apos;, os.version: &amp;apos;10.0&amp;apos;, java.version: &amp;apos;17.0.1&amp;apos;
Driver info: org.openqa.selenium.chrome.ChromeDriver
Capabilities {acceptInsecureCerts: false, browserName: chrome, browserVersion: 98.0.4758.102, chrome: {chromedriverVersion: 98.0.4758.102 (273bf7ac8c90..., userDataDir: C:\Users\FB67X1O\AppData\Lo...}, goog:chromeOptions: {debuggerAddress: localhost:61677}, javascriptEnabled: true, networkConnectionEnabled: false, pageLoadStrategy: normal, platform: WINDOWS, platformName: WINDOWS, proxy: Proxy(), setWindowRect: true, strictFileInteractability: false, timeouts: {implicit: 0, pageLoad: 300000, script: 30000}, unhandledPromptBehavior: dismiss and notify, webauthn:extension:credBlob: true, webauthn:extension:largeBlob: true, webauthn:virtualAuthenticators: true}
Session ID: 8fe42e1f903b6c91fdff1b431adc7e58
*** Element info: {Using=xpath, value=//div[@data-k-options=&amp;quot;vm.optionsCash&amp;quot;]//*[name()=&amp;quot;svg&amp;quot;][1]/*[name()=&amp;quot;text&amp;quot;][1]xxxxxxxxxxxxxxxx}">
      <![CDATA[org.openqa.selenium.InvalidSelectorException: invalid selector: Unable to locate an element with the xpath expression //div[@data-k-options="vm.optionsCash"]//*[name()="svg"][1]/*[name()="text"][1]xxxxxxxxxxxxxxxx because of the following error:
SyntaxError: Failed to execute 'evaluate' on 'Document': The string '//div[@data-k-options="vm.optionsCash"]//*[name()="svg"][1]/*[name()="text"][1]xxxxxxxxxxxxxxxx' is not a valid XPath expression.
  (Session info: chrome=98.0.4758.102)
For documentation on this error, please visit: https://www.seleniumhq.org/exceptions/invalid_selector_exception.html
Build info: version: '3.141.59', revision: 'e82be7d358', time: '2018-11-14T08:17:03'
System info: host: 'WRN-SAHNED2', ip: '10.96.118.18', os.name: 'Windows 10', os.arch: 'amd64', os.version: '10.0', java.version: '17.0.1'
Driver info: org.openqa.selenium.chrome.ChromeDriver
Capabilities {acceptInsecureCerts: false, browserName: chrome, browserVersion: 98.0.4758.102, chrome: {chromedriverVersion: 98.0.4758.102 (273bf7ac8c90..., userDataDir: C:\Users\FB67X1O\AppData\Lo...}, goog:chromeOptions: {debuggerAddress: localhost:61677}, javascriptEnabled: true, networkConnectionEnabled: false, pageLoadStrategy: normal, platform: WINDOWS, platformName: WINDOWS, proxy: Proxy(), setWindowRect: true, strictFileInteractability: false, timeouts: {implicit: 0, pageLoad: 300000, script: 30000}, unhandledPromptBehavior: dismiss and notify, webauthn:extension:credBlob: true, webauthn:extension:largeBlob: true, webauthn:virtualAuthenticators: true}
Session ID: 8fe42e1f903b6c91fdff1b431adc7e58
*** Element info: {Using=xpath, value=//div[@data-k-options="vm.optionsCash"]//*[name()="svg"][1]/*[name()="text"][1]xxxxxxxxxxxxxxxx}
at org.openqa.selenium.remote.http.W3CHttpResponseCodec.createException(W3CHttpResponseCodec.java:187)
at org.openqa.selenium.remote.http.W3CHttpResponseCodec.decode(W3CHttpResponseCodec.java:122)
at org.openqa.selenium.remote.http.W3CHttpResponseCodec.decode(W3CHttpResponseCodec.java:49)
at org.openqa.selenium.remote.HttpCommandExecutor.execute(HttpCommandExecutor.java:158)
at org.openqa.selenium.remote.service.DriverCommandExecutor.execute(DriverCommandExecutor.java:83)
at org.openqa.selenium.remote.RemoteWebDriver.execute(RemoteWebDriver.java:552)
at org.openqa.selenium.remote.RemoteWebDriver.findElement(RemoteWebDriver.java:323)
at org.openqa.selenium.remote.RemoteWebDriver.findElementByXPath(RemoteWebDriver.java:428)
at org.openqa.selenium.By$ByXPath.findElement(By.java:353)
at org.openqa.selenium.remote.RemoteWebDriver.findElement(RemoteWebDriver.java:315)
at pageObjects.ReconPageObjects.checkIfCashDonutExistInDashboard(ReconPageObjects.java:23)
at Tests.ValidUserLoginTests.UserLoginTest(UserLoginTests.java:30)
at java.base/java.util.ArrayList.forEach(ArrayList.java:1511)
at java.base/java.util.concurrent.FutureTask.run(FutureTask.java:264)
at java.base/java.util.concurrent.ThreadPoolExecutor.runWorker(ThreadPoolExecutor.java:1136)
at java.base/java.util.concurrent.ThreadPoolExecutor$Worker.run(ThreadPoolExecutor.java:635)
at java.base/java.lang.Thread.run(Thread.java:833)
... Removed 23 stack frames]]>
    </failure>
  </testcase> <!-- UserLoginTest -->
  <testcase classname="Tests.ValidUserLoginTests" name="dbTest" time="1.638"/>
</testsuite> <!-- LoginTests -->
